
━━━ 启动 2026-04-18 00:45:52 ━━━
[00:45:52] 🔐 正在登录服务器...
[00:45:56] ✅ 服务器登录成功，使用中转模式
[00:45:56] 📡 获取员工列表...
[00:45:56] ✅ 获取到 59 名员工 (已按拼音排序)
[00:45:56] ✅ 应用启动成功
[00:45:56] ✅ 连接成功! 获取到 59 名员工
[00:45:56] 📋 返回缓存员工 59 人
[00:46:10] 📡 开始加载 LiuHaoDong 的外部联系人...
[00:46:12] ✅ 获取到 1 个外部联系人，正在推送...
[00:46:12] ✅ 联系人加载完成 (1 人)
[00:46:29] 💾 配置已保存: 主理人=WuZeHua, 成员=WuZeHua、WuZeHuapptDingZhi
[00:46:31] 📡 开始加载 WuZeHua 的外部联系人...
[00:47:15] ✅ 获取到 141 个外部联系人，正在推送...
[00:47:15] ✅ 联系人加载完成 (141 人)
[00:47:50] 💾 配置已保存: 主理人=LiuHaoDong, 成员=WuZeHua、WuZeHuapptDingZhi
[00:47:53] 📡 开始加载 LiuHaoDong 的外部联系人...
[00:47:53] ✅ 获取到 1 个外部联系人，正在推送...
[00:47:53] ✅ 联系人加载完成 (1 人)
[00:48:03] 📡 开始加载 LiuHaoDong 的外部联系人...
[00:48:04] ✅ 获取到 1 个外部联系人，正在推送...
[00:48:04] ✅ 联系人加载完成 (1 人)
[00:48:37] 🏗️ 开始建群: 客户=暴走的手枪腿, 窗口=1232x813
[00:48:37] 🏗️ 建群: 暴走的手枪腿 (共 3 人)
[00:48:38]   [1/8] 点击消息 Tab...
[00:48:39]   [1/8] 坐标回退 (32,92)
[00:48:41]   [2/8] 点击 + 按钮...
[00:48:41]   [2/8] 坐标回退 + (333,31)
[00:48:43]   [3/8] 检测弹窗...
[00:48:43]   [3/8] ✅ 弹窗已打开 (800x700)
[00:48:43]   [4/8] 添加 3 名成员
[00:48:43]   [4/8] (1/3) 搜索: 暴走的手枪腿
[00:48:49]   [4/8] (1/3) ✅ 已勾选 暴走的手枪腿 (已验证)
[00:48:51]   [4/8] (2/3) 搜索: WuZeHua
[00:48:58]   [4/8] (2/3) ⚠️ 已点击 WuZeHua (未能OCR验证)
[00:49:00]   [4/8] (3/3) 搜索: WuZeHuapptDingZhi
[00:49:07]   [4/8] (3/3) ✅ 已勾选 WuZeHuapptDingZhi (已验证)
[00:49:09]   [5/8] 清空搜索框...
[00:49:11]   [6/8] 点击完成按钮...
[00:49:12]   [6/8] OCR 扫描到 25 项: [× 搜索 发起群聊 已选择2个联系人 相关群聊 暴走的手枪腿@微信 × 吴泽华、暴走的手枪腿、刘浩东]
[00:49:12]   [6/8] ✅ OCR 找到「完成」: (508,650)
[00:49:15]   [6/8] ⚠️ 弹窗仍在, 重试 1/3...
[00:49:17]   [6/8] ✅ 弹窗已关闭
[00:49:17]   [6/8] 等待 2.9s (防风控)...
[00:49:20]   [7/8] 检查残留弹窗...
[00:49:20]   [8/8] 设置群管理 (禁止互加好友)...
[00:49:20]        [隐私] Step1: 点击 ··· ...
[00:49:21]        [隐私] 坐标回退 ··· (1202,44)
[00:49:25]        [隐私] Step2: 点击「群管理」...
[00:49:26]        [隐私] 面板 OCR: []
[00:49:26]        [隐私] 坐标回退「群管理」(960,365)
[00:49:26]        [隐私] Step3: 等待群管理弹窗...
[00:49:30]        [隐私] 弹窗 OCR(0项): []
[00:49:30]        [隐私] ❌ 未找到「禁止互相添加为联系人」
[00:49:32]   ⚠️ 建群流程完成, 总耗时 54.8s (成员=3/3, 隐私=false/验证=false)
[00:49:32] ⚠️ 【暴走的手枪腿】建群成功, 但隐私设置需人工复核!
[00:49:32] 🚨 告警[warning]: 客户【暴走的手枪腿】建群成功但「禁止互加好友」未能验证, 请人工检查
[00:49:32] 📊 上报: create_group [暴走的手枪腿] success=true privacy=false review=true
[00:49:33] 📡 开始加载 LiuHaoDong 的外部联系人...
[00:49:36]    📡 服务端客户群缓存已刷新
[00:49:37] ✅ 获取到 1 个外部联系人，正在推送...
[00:49:37] ✅ 联系人加载完成 (1 人)
[00:49:43]    ⚠️ 日志上报失败: 上报操作日志失败: HTTP 403: {"error":"Missing CSRF token"} (已记录到本地)
[00:49:43]    ⚠️ 告警发送失败: 发送告警失败: HTTP 403: {"error":"Missing CSRF token"} (已记录到本地)

━━━ 启动 2026-04-18 01:06:45 ━━━
[01:06:46] 🔐 正在登录服务器...
[01:06:48] ✅ 服务器登录成功，使用中转模式
[01:06:48] 📡 获取员工列表...
[01:06:49] ✅ 获取到 59 名员工 (已按拼音排序)
[01:06:49] ✅ 应用启动成功
[01:06:49] ✅ 连接成功! 获取到 59 名员工
[01:06:49] 📋 返回缓存员工 59 人
[01:06:57] 📡 开始加载 LiuHaoDong 的外部联系人...
[01:06:58] ✅ 获取到 1 个外部联系人，正在推送...
[01:06:58] ✅ 联系人加载完成 (1 人)
[01:07:15] 💾 配置已保存: 主理人=LiuHaoDong, 成员=WuZeHua、WuZeHuapptDingZhi
[01:07:15] 🚀 全自动巡检已启动
[01:07:15] 🔄 [#1] 开始巡检 (主理人=LiuHaoDong, 成员=[WuZeHua WuZeHuapptDingZhi])...
[01:07:16]    📊 联系人=1, 已处理=1
[01:07:17]    📋 群名匹配模式: 2 个群
[01:07:17]    📊 本轮结果: 新建=0, 跳过=1
[01:07:17]    💤 本轮结束, 60s 后开始下一轮...
[01:07:24] 🛑 全自动巡检已停止

━━━ 启动 2026-04-18 01:26:02 ━━━
[01:26:03] 🔐 正在登录服务器...
[01:26:06] ✅ 服务器登录成功，使用中转模式
[01:26:06] 📡 获取员工列表...
[01:26:06] ✅ 获取到 59 名员工 (已按拼音排序)
[01:26:06] ✅ 应用启动成功
[01:26:06] ✅ 连接成功! 获取到 59 名员工
[01:26:06] 📋 返回缓存员工 59 人
[01:26:11] 📡 开始加载 LiuHaoDong 的外部联系人...
[01:26:13] ✅ 获取到 1 个外部联系人，正在推送...
[01:26:13] ✅ 联系人加载完成 (1 人)

━━━ 启动 2026-04-18 01:28:31 ━━━
[01:28:32] 🔐 正在登录服务器...
[01:28:35] ✅ 服务器登录成功，使用中转模式
[01:28:35] 📡 获取员工列表...
[01:28:36] ✅ 获取到 59 名员工 (已按拼音排序)
[01:28:36] ✅ 应用启动成功
[01:28:36] ✅ 连接成功! 获取到 59 名员工
[01:28:36] 📋 返回缓存员工 59 人
[01:28:41] 📡 开始加载 LiuHaoDong 的外部联系人...
[01:28:42] ✅ 获取到 1 个外部联系人，正在推送...
[01:28:42] ✅ 联系人加载完成 (1 人)

━━━ 启动 2026-04-18 01:30:07 ━━━
[01:30:08] 🔐 正在登录服务器...
[01:30:11] ✅ 服务器登录成功，使用中转模式
[01:30:11] 📡 获取员工列表...
[01:30:11] ✅ 获取到 59 名员工 (已按拼音排序)
[01:30:11] ✅ 应用启动成功
[01:30:11] ✅ 连接成功! 获取到 59 名员工
[01:30:11] 📋 返回缓存员工 59 人
[01:30:16] 📡 开始加载 LiuHaoDong 的外部联系人...
[01:30:17] ✅ 获取到 1 个外部联系人，正在推送...
[01:30:17] ✅ 联系人加载完成 (1 人)
[01:30:21] 🏗️ 开始建群: 客户=暴走的手枪腿 🧪测试, 窗口=1232x815
[01:30:21]    📋 成员名称: [吴泽华 吴天宇]
[01:30:21] 🏗️ 建群: 暴走的手枪腿 🧪测试 (共 3 人)
[01:30:23]   [1/8] 点击消息 Tab...
[01:30:24]   [1/8] 坐标回退 (32,92)
[01:30:25]   [2/8] 点击 + 按钮...
[01:30:25]   [2/8] 坐标回退 + (333,31)
[01:30:27]   [3/8] 检测弹窗...
[01:30:27]   [3/8] ✅ 弹窗已打开 (800x700)
[01:30:27]   [4/8] 添加 3 名成员 (用中文名搜索)
[01:30:27]   [4/8] (1/3) 搜索: 暴走的手枪腿 🧪测试
[01:30:39]   [4/8] (1/3) ⚠️ 已点击 暴走的手枪腿 🧪测试 (未能OCR验证)
[01:30:44]   [4/8] (2/3) 搜索: 吴泽华
[01:30:54]   [4/8] (2/3) ⚠️ 已点击 吴泽华 (未能OCR验证)
[01:31:00]   [4/8] (3/3) 搜索: 吴天宇
[01:31:09]   [4/8] (3/3) ⚠️ 已点击 吴天宇 (未能OCR验证)
[01:31:19]   [5/8] 清空搜索框...
[01:31:23]   [6/8] 点击完成按钮...
[01:31:24]   [6/8] OCR 扫描到 22 项: [× 搜索 发起群聊 已选择1个联系人 我的客户 吴天宇(夏虫) × 按标签筛选>]
[01:31:24]   [6/8] ✅ OCR 找到「完成」: (508,648)
[01:31:26]   [6/8] ✅ 弹窗已关闭
[01:31:26]   [6/8] 等待 1.6s (防风控)...
[01:31:28]   [7/8] 检查残留弹窗...
[01:31:28]   [8/8] 设置群管理 (禁止互加好友)...
[01:31:28]        [隐私] Step1: 点击 ··· ...
[01:31:29]        [隐私] 坐标回退 ··· (1202,44)
[01:31:33]        [隐私] Step2: 点击「群管理」...
[01:31:34]        [隐私] 面板 OCR: []
[01:31:34]        [隐私] 坐标回退「群管理」(960,366)
[01:31:35]        [隐私] Step3: 等待群管理弹窗...
[01:31:40]        [隐私] 弹窗 OCR(0项): []
[01:31:40]        [隐私] ❌ 未找到「禁止互相添加为联系人」
[01:31:42]   ⚠️ 建群流程完成, 总耗时 81.3s (成员=3/3, 隐私=false/验证=false)
[01:31:42] ⚠️ 【暴走的手枪腿 🧪测试】建群成功, 但隐私设置需人工复核!
[01:31:42] 🚨 告警[warning]: 客户【暴走的手枪腿 🧪测试】建群成功但「禁止互加好友」未能验证, 请人工检查
[01:31:42] 📊 上报: create_group [暴走的手枪腿 🧪测试] success=true privacy=false review=true
[01:31:43] 📡 开始加载 LiuHaoDong 的外部联系人...
[01:31:45]    📡 服务端客户群缓存已刷新
[01:31:45] ✅ 获取到 1 个外部联系人，正在推送...
[01:31:45] ✅ 联系人加载完成 (1 人)
[01:31:52]    ⚠️ 日志上报失败: 上报操作日志失败: HTTP 403: {"error":"Missing CSRF token"} (已记录到本地)
[01:31:52]    ⚠️ 告警发送失败: 发送告警失败: HTTP 403: {"error":"Missing CSRF token"} (已记录到本地)

━━━ 启动 2026-04-18 01:31:59 ━━━
[01:32:00] 🔐 正在登录服务器...
[01:32:02] ✅ 服务器登录成功，使用中转模式
[01:32:02] 📡 获取员工列表...
[01:32:03] ✅ 获取到 59 名员工 (已按拼音排序)
[01:32:03] ✅ 应用启动成功
[01:32:03] ✅ 连接成功! 获取到 59 名员工
[01:32:03] 📋 返回缓存员工 59 人
[01:32:31] 📡 开始加载 LiuHaoDong 的外部联系人...
[01:32:32] ✅ 获取到 1 个外部联系人，正在推送...
[01:32:32] ✅ 联系人加载完成 (1 人)
[01:32:35] 🏗️ 开始建群: 客户=暴走的手枪腿, 窗口=1232x815
[01:32:35]    📋 成员名称: [吴泽华 吴天宇]
[01:32:35] 🏗️ 建群: 暴走的手枪腿 (共 3 人)
[01:32:36]   [1/8] 点击消息 Tab...
[01:32:37]   [1/8] 坐标回退 (32,92)
[01:32:38]   [2/8] 点击 + 按钮...
[01:32:38]   [2/8] 坐标回退 + (333,31)
[01:32:41]   [3/8] 检测弹窗...
[01:32:41]   [3/8] ✅ 弹窗已打开 (800x700)
[01:32:41]   [4/8] 添加 3 名成员 (用中文名搜索)
[01:32:41]   [4/8] (1/3) 搜索: 暴走的手枪腿
[01:32:50]   [4/8] (1/3) ✅ 已勾选 暴走的手枪腿 (已验证)
[01:32:56]   [4/8] (2/3) 搜索: 吴泽华
[01:33:07]   [4/8] (2/3) ✅ 已勾选 吴泽华 (已验证)
[01:33:12]   [4/8] (3/3) 搜索: 吴天宇
[01:33:23]   [4/8] (3/3) ✅ 已勾选 吴天宇 (已验证)
[01:33:30]   [5/8] 清空搜索框...
[01:33:32]   [6/8] 点击完成按钮...
[01:33:33]   [6/8] OCR 扫描到 28 项: [× 搜索 发起群聊 已选择3个联系人 相关群聊 暴走的手枪腿@微信 × 吴天宇、吴泽华、暴走的手枪腿...]
[01:33:33]   [6/8] ✅ OCR 找到「完成」: (508,648)
[01:33:35]   [6/8] ⚠️ 弹窗仍在, 重试 1/3...
[01:33:38]   [6/8] ✅ 弹窗已关闭
[01:33:38]   [6/8] 等待 1.6s (防风控)...
[01:33:39]   [7/8] 检查残留弹窗...
[01:33:39]   [8/8] 设置群管理 (禁止互加好友)...
[01:33:39]        [隐私] Step1: 点击 ··· ...
[01:33:40]        [隐私] 坐标回退 ··· (1202,44)
[01:33:45]        [隐私] Step2: 点击「群管理」...
[01:33:45]        [隐私] 面板 OCR: []
[01:33:45]        [隐私] 坐标回退「群管理」(960,366)
[01:33:46]        [隐私] Step3: 等待群管理弹窗...
[01:33:50]        [隐私] 弹窗 OCR(0项): []
[01:33:50]        [隐私] ❌ 未找到「禁止互相添加为联系人」
[01:33:52]   ⚠️ 建群流程完成, 总耗时 77.3s (成员=3/3, 隐私=false/验证=false)
[01:33:52] ⚠️ 【暴走的手枪腿】建群成功, 但隐私设置需人工复核!
[01:33:52] 🚨 告警[warning]: 客户【暴走的手枪腿】建群成功但「禁止互加好友」未能验证, 请人工检查
[01:33:52] 📊 上报: create_group [暴走的手枪腿] success=true privacy=false review=true
[01:33:53] 📡 开始加载 LiuHaoDong 的外部联系人...
[01:33:55] ✅ 获取到 1 个外部联系人，正在推送...
[01:33:55] ✅ 联系人加载完成 (1 人)
[01:33:56]    📡 服务端客户群缓存已刷新
[01:34:03]    ⚠️ 告警发送失败: 发送告警失败: HTTP 403: {"error":"Missing CSRF token"} (已记录到本地)
[01:34:03]    ⚠️ 日志上报失败: 上报操作日志失败: HTTP 403: {"error":"Missing CSRF token"} (已记录到本地)

━━━ 启动 2026-04-18 09:09:19 ━━━
[09:09:20] 🔐 正在登录服务器...
[09:09:22] ✅ 服务器登录成功，使用中转模式
[09:09:22] 📡 获取员工列表...
[09:09:23] ✅ 获取到 59 名员工 (已按拼音排序)
[09:09:23] ✅ 应用启动成功
[09:09:23] ✅ 连接成功! 获取到 59 名员工
[09:09:23] 📋 返回缓存员工 59 人

━━━ 启动 2026-04-18 09:21:11 ━━━
[09:21:11] 🔐 正在登录服务器...
[09:21:14] ✅ 服务器登录成功，使用中转模式
[09:21:14] 📡 获取员工列表...
[09:21:14] ✅ 获取到 59 名员工 (已按拼音排序)
[09:21:14] ✅ 应用启动成功
[09:21:14] ✅ 连接成功! 获取到 59 名员工
[09:21:14] 📋 返回缓存员工 59 人
[09:21:19] 📡 开始加载 LiuHaoDong 的外部联系人...
[09:21:20] ✅ 获取到 1 个外部联系人，正在推送...
[09:21:20] ✅ 联系人加载完成 (1 人)
[09:21:24] 🏗️ 开始建群: 客户=暴走的手枪腿, 窗口=1235x818
[09:21:24]    📋 成员名称: [吴泽华 吴天宇]
[09:21:24] 🏗️ 建群: 暴走的手枪腿 (共 3 人)
[09:21:25]   [1/8] 点击消息 Tab...
[09:21:26]   [1/8] 坐标回退 (33,92)
[09:21:28]   [2/8] 点击 + 按钮...
[09:21:28]   [2/8] 坐标回退 + (334,31)
[09:21:30]   [3/8] 检测弹窗...
[09:21:30]   [3/8] ✅ 弹窗已打开 (800x700)
[09:21:30]   [4/8] 添加 3 名成员 (用中文名搜索)
[09:21:30]   [4/8] (1/3) 搜索: 暴走的手枪腿
[09:21:41]   [4/8] (1/3) ⚠️ 已点击 暴走的手枪腿 (未能OCR验证)
[09:21:46]   [4/8] (2/3) 搜索: 吴泽华
[09:21:56]   [4/8] (2/3) ⚠️ 已点击 吴泽华 (未能OCR验证)
[09:22:02]   [4/8] (3/3) 搜索: 吴天宇
[09:22:11]   [4/8] (3/3) ⚠️ 已点击 吴天宇 (未能OCR验证)
[09:22:17]   [5/8] 清空搜索框...
[09:22:19]   [6/8] 点击完成按钮...
[09:22:20]   [6/8] OCR 扫描到 0 项: []
[09:22:20]   [6/8] 坐标点击: (504,651) [弹窗=800x700]
[09:22:20]   [6/8] 等待弹窗关闭 (最长 15s, 不重试)...
[09:22:23]   [6/8] ✅ 弹窗已关闭
[09:22:23]   [6/8] 等待 2.7s (防风控)...
[09:22:26]   [7/8] 检查残留弹窗...
[09:22:26]   [8/8] 设置群管理 (禁止互加好友)...
[09:22:26]        [隐私] Step1: 点击 ··· ...
[09:22:27]        [隐私] 坐标回退 ··· (1205,44)
[09:22:31]        [隐私] Step2: 点击「群管理」...
[09:22:32]        [隐私] 面板 OCR: []
[09:22:32]        [隐私] 坐标回退「群管理」(963,368)
[09:22:33]        [隐私] Step3: 等待群管理弹窗...
[09:22:37]        [隐私] 弹窗 OCR(0项): []
[09:22:37]        [隐私] ❌ 未找到「禁止互相添加为联系人」
[09:22:39]   ⚠️ 建群流程完成, 总耗时 75.1s (成员=3/3, 隐私=false/验证=false)
[09:22:39] ⚠️ 【暴走的手枪腿】建群成功, 但隐私设置需人工复核!
[09:22:39] 🚨 告警[warning]: 客户【暴走的手枪腿】建群成功但「禁止互加好友」未能验证, 请人工检查
[09:22:39] 📊 上报: create_group [暴走的手枪腿] success=true privacy=false review=true
[09:22:40] 📡 开始加载 LiuHaoDong 的外部联系人...
[09:22:41]    📡 服务端客户群缓存已刷新
[09:22:42] ✅ 获取到 1 个外部联系人，正在推送...
[09:22:42] ✅ 联系人加载完成 (1 人)
[09:22:48]    ⚠️ 日志上报失败: 上报操作日志失败: HTTP 403: {"error":"Missing CSRF token"} (已记录到本地)
[09:22:49]    ⚠️ 告警发送失败: 发送告警失败: HTTP 403: {"error":"Missing CSRF token"} (已记录到本地)

━━━ 启动 2026-04-18 09:42:12 ━━━
[09:42:13] 🔐 正在登录服务器...
[09:42:15] ✅ 服务器登录成功，使用中转模式
[09:42:15] 📡 获取员工列表...
[09:42:16] ✅ 获取到 59 名员工 (已按拼音排序)
[09:42:16] ✅ 应用启动成功
[09:42:16] ✅ 连接成功! 获取到 59 名员工
[09:42:16] 📋 返回缓存员工 59 人
[09:42:46] 📡 开始加载 LiuHaoDong 的外部联系人...
[09:42:47] ✅ 获取到 1 个外部联系人，正在推送...
[09:42:47] ✅ 联系人加载完成 (1 人)
[09:42:50] 🏗️ 开始建群: 客户=暴走的手枪腿, 窗口=1235x818
[09:42:50]    📋 成员名称: [吴泽华 吴天宇]
[09:42:50] 🏗️ 建群: 暴走的手枪腿 (共 3 人)
[09:42:51]   [1/8] 点击消息 Tab...
[09:42:52]   [1/8] 坐标回退 (33,92)
[09:42:53]   [2/8] 点击 + 按钮...
[09:42:53]   [2/8] 坐标回退 + (334,31)
[09:42:55]   [3/8] 检测弹窗...
[09:42:55]   [3/8] ✅ 弹窗已打开 (800x700)
[09:42:55]   [4/8] 添加 3 名成员 (用中文名搜索)
[09:42:55]   [4/8] (1/3) 搜索: 暴走的手枪腿
[09:43:03]   [4/8] (1/3) ✅ 已勾选 暴走的手枪腿
[09:43:12]   [4/8] (2/3) 搜索: 吴泽华
[09:43:21]   [4/8] (2/3) ✅ 已勾选 吴泽华
[09:43:28]   [4/8] (3/3) 搜索: 吴天宇
[09:43:38]   [4/8] (3/3) ✅ 已勾选 吴天宇
[09:43:44]   [5/8] 清空搜索框...
[09:43:46]   [6/8] 点击完成按钮...
[09:43:47]   [6/8] OCR 扫描到 0 项: []
[09:43:47]   [6/8] 坐标点击: (504,651) [弹窗=800x700]
[09:43:48]   [6/8] 等待弹窗关闭 (最长 15s, 不重试)...
[09:43:51]   [6/8] ✅ 弹窗已关闭
[09:43:51]   [6/8] 等待 1.7s (防风控)...
[09:43:53]   [7/8] 检查残留弹窗...
[09:43:53]   [8/8] 设置群管理 (禁止互加好友)...
[09:43:53]        [隐私] Step1: 点击 ··· (1170,65)...
[09:43:55]        [隐私] Step2: 点击「群管理」(1012,278)...
[09:43:56]        [隐私] Step3: 等待群管理弹窗...
[09:44:00]        [隐私] 弹窗 OCR(0项): []
[09:44:00]        [隐私] ❌ 未找到「禁止互相添加为联系人」
[09:44:02]   ⚠️ 建群流程完成, 总耗时 71.8s (成员=3/3, 隐私=false/验证=false)
[09:44:02] ⚠️ 【暴走的手枪腿】建群成功, 但隐私设置需人工复核!
[09:44:02] 🚨 告警[warning]: 客户【暴走的手枪腿】建群成功但「禁止互加好友」未能验证, 请人工检查
[09:44:02] 📊 上报: create_group [暴走的手枪腿] success=true privacy=false review=true
[09:44:02]    📡 服务端客户群缓存已刷新
[09:44:03] 📡 开始加载 LiuHaoDong 的外部联系人...
[09:44:04] ✅ 获取到 1 个外部联系人，正在推送...
[09:44:04] ✅ 联系人加载完成 (1 人)
[09:44:09]    ⚠️ 告警发送失败: 发送告警失败: HTTP 403: {"error":"Missing CSRF token"} (已记录到本地)
[09:44:09]    ⚠️ 日志上报失败: 上报操作日志失败: HTTP 403: {"error":"Missing CSRF token"} (已记录到本地)

━━━ 启动 2026-04-18 09:53:19 ━━━
[09:53:19] 🔐 正在登录服务器...
[09:53:22] ✅ 服务器登录成功，使用中转模式
[09:53:22] 📡 获取员工列表...
[09:53:22] ✅ 获取到 59 名员工 (已按拼音排序)
[09:53:22] ✅ 应用启动成功
[09:53:22] ✅ 连接成功! 获取到 59 名员工
[09:53:22] 📋 返回缓存员工 59 人
[09:53:26] 📡 开始加载 LiuHaoDong 的外部联系人...
[09:53:27] ✅ 获取到 1 个外部联系人，正在推送...
[09:53:27] ✅ 联系人加载完成 (1 人)
[09:53:31] 🏗️ 开始建群: 客户=暴走的手枪腿, 窗口=1235x818
[09:53:31]    📋 成员名称: [吴泽华 吴天宇]
[09:53:31] 🏗️ 建群: 暴走的手枪腿 (共 3 人)
[09:53:33]   [1/8] 点击消息 Tab...
[09:53:34]   [1/8] 坐标回退 (33,92)
[09:53:35]   [2/8] 点击 + 按钮...
[09:53:35]   [2/8] 坐标回退 + (334,31)
[09:53:38]   [3/8] 检测弹窗...
[09:53:38]   [3/8] ✅ 弹窗已打开 (800x700)
[09:53:38]   [4/8] 添加 3 名成员 (用中文名搜索)
[09:53:38]   [4/8] (1/3) 搜索: 暴走的手枪腿
[09:53:45]   [4/8] (1/3) ✅ 已勾选 暴走的手枪腿
[09:53:52]   [4/8] (2/3) 搜索: 吴泽华
[09:54:01]   [4/8] (2/3) ✅ 已勾选 吴泽华
[09:54:07]   [4/8] (3/3) 搜索: 吴天宇
[09:54:16]   [4/8] (3/3) ✅ 已勾选 吴天宇
[09:54:22]   [5/8] 清空搜索框...
[09:54:27]   [6/8] 点击完成按钮...
[09:54:27]   [6/8] OCR 扫描到 0 项: []
[09:54:27]   [6/8] 坐标点击: (504,651) [弹窗=800x700]
[09:54:27]   [6/8] 等待弹窗关闭 (最长 15s, 不重试)...
[09:54:30]   [6/8] ✅ 弹窗已关闭
[09:54:30]   [6/8] 等待 1.6s (防风控)...
[09:54:32]   [7/8] 检查残留弹窗...
[09:54:32]   [8/8] 设置群管理 (禁止互加好友)...
[09:54:32]        [隐私] Step1: 前台点击 ··· (1170,65)...
[09:54:36]        [隐私] Step2: 前台点击「群管理」(1012,278)...
[09:54:37]        [隐私] Step3: 等待群管理弹窗...
[09:54:42]        [隐私] 弹窗 OCR(0项): []
[09:54:42]        [隐私] ❌ 未找到「禁止互相添加为联系人」
[09:54:44]   ⚠️ 建群流程完成, 总耗时 72.8s (成员=3/3, 隐私=false/验证=false)
[09:54:44] ⚠️ 【暴走的手枪腿】建群成功, 但隐私设置需人工复核!
[09:54:44] 🚨 告警[warning]: 客户【暴走的手枪腿】建群成功但「禁止互加好友」未能验证, 请人工检查
[09:54:44] 📊 上报: create_group [暴走的手枪腿] success=true privacy=false review=true
[09:54:45] 📡 开始加载 LiuHaoDong 的外部联系人...
[09:54:47]    📡 服务端客户群缓存已刷新
[09:54:47] ✅ 获取到 1 个外部联系人，正在推送...
[09:54:47] ✅ 联系人加载完成 (1 人)
[09:54:54]    ⚠️ 告警发送失败: 发送告警失败: HTTP 403: {"error":"Missing CSRF token"} (已记录到本地)
[09:54:54]    ⚠️ 日志上报失败: 上报操作日志失败: HTTP 403: {"error":"Missing CSRF token"} (已记录到本地)

━━━ 启动 2026-04-18 10:15:43 ━━━
[10:15:43] 🔐 正在登录服务器...
[10:15:46] ✅ 服务器登录成功，使用中转模式
[10:15:46] 📡 获取员工列表...
[10:15:46] ✅ 获取到 59 名员工 (已按拼音排序)
[10:15:46] ✅ 应用启动成功
[10:15:46] ✅ 连接成功! 获取到 59 名员工
[10:15:46] 📋 返回缓存员工 59 人
[10:15:49] 📡 开始加载 LiuHaoDong 的外部联系人...
[10:15:50] ✅ 获取到 1 个外部联系人，正在推送...
[10:15:50] ✅ 联系人加载完成 (1 人)
[10:15:53] 🏗️ 开始建群: 客户=暴走的手枪腿, 窗口=1235x818
[10:15:53]    📋 成员名称: [吴泽华 吴天宇]
[10:15:53] 🏗️ 建群: 暴走的手枪腿 (共 3 人)
[10:15:54]   [1/8] 点击消息 Tab...
[10:15:55]   [1/8] 坐标回退 (33,92)
[10:15:57]   [2/8] 点击 + 按钮...
[10:15:57]   [2/8] 坐标回退 + (334,31)
[10:15:59]   [3/8] 检测弹窗...
[10:15:59]   [3/8] ✅ 弹窗已打开 (800x700)
[10:15:59]   [4/8] 添加 3 名成员 (用中文名搜索)
[10:15:59]   [4/8] (1/3) 搜索: 暴走的手枪腿
[10:16:07]   [4/8] (1/3) ✅ 已勾选 暴走的手枪腿
[10:16:14]   [4/8] (2/3) 搜索: 吴泽华
[10:16:21]   [4/8] (2/3) ✅ 已勾选 吴泽华
[10:16:28]   [4/8] (3/3) 搜索: 吴天宇
[10:16:36]   [4/8] (3/3) ✅ 已勾选 吴天宇
[10:16:42]   [5/8] 清空搜索框...
[10:16:46]   [6/8] 点击完成按钮...
[10:16:46]   [6/8] OCR 扫描到 0 项: []
[10:16:46]   [6/8] 坐标点击: (504,651) [弹窗=800x700]
[10:16:47]   [6/8] 等待弹窗关闭 (最长 15s, 不重试)...
[10:16:47]   [6/8] ✅ 弹窗已关闭
[10:16:47]   [6/8] 等待 2.1s (防风控)...
[10:16:49]   [7/8] 检查残留弹窗...
[10:16:49]   [8/8] 设置群管理 (禁止互加好友)...
[10:16:49]        [隐私] Step1: 定位 ··· 按钮...
[10:16:51]        [隐私] ⚠️ OCR 未匹配 ···, 顶部: [×@(1212,14) 搜索@(154,45) 十@(344,46) 吴天宇、吴泽华、刘浩东@(521,46) 17@(44,92)]
[10:16:51]        [隐私] 坐标回退 ··· (1170,65)
[10:16:55]        [隐私] Step2: 定位「群管理」...
[10:16:57]        [隐私] ⚠️ OCR 未匹配「群管理」, 面板: [× 10:16 群看板 > 边聊边看工作进展 你邀请吴天宇、吴泽华加入了群聊 群成员·3 刘浩东 群主 吴天宇(夏虫) 吴泽华 快速会议 发送(S)]
[10:16:57]        [隐私] 坐标回退「群管理」(1012,302)
[10:16:58]        [隐私] Step3: 等待群管理弹窗...
[10:17:01]        [隐私] 弹窗 OCR(0项): []
[10:17:01]        [隐私] ❌ 未找到「禁止互相添加为联系人」
[10:17:03]   ⚠️ 建群流程完成, 总耗时 70.8s (成员=3/3, 隐私=false/验证=false)
[10:17:03] ⚠️ 【暴走的手枪腿】建群成功, 但隐私设置需人工复核!
[10:17:03] 🚨 告警[warning]: 客户【暴走的手枪腿】建群成功但「禁止互加好友」未能验证, 请人工检查
[10:17:03] 📊 上报: create_group [暴走的手枪腿] success=true privacy=false review=true
[10:17:04]    📡 服务端客户群缓存已刷新
[10:17:04] 📡 开始加载 LiuHaoDong 的外部联系人...
[10:17:05] ✅ 获取到 1 个外部联系人，正在推送...
[10:17:05] ✅ 联系人加载完成 (1 人)
[10:17:11]    ⚠️ 日志上报失败: 上报操作日志失败: HTTP 403: {"error":"Missing CSRF token"} (已记录到本地)
[10:17:11]    ⚠️ 告警发送失败: 发送告警失败: HTTP 403: {"error":"Missing CSRF token"} (已记录到本地)

━━━ 启动 2026-04-18 11:09:50 ━━━
[11:09:51] 🔐 正在登录服务器...
[11:09:53] ✅ 服务器登录成功，使用中转模式
[11:09:53] 📡 获取员工列表...
[11:09:54] ✅ 获取到 61 名员工 (已按拼音排序)
[11:09:54] ✅ 应用启动成功
[11:09:54] ✅ 连接成功! 获取到 61 名员工
[11:09:54] 📋 返回缓存员工 61 人
[11:09:58] 📡 开始加载 LiuHaoDong 的外部联系人...
[11:09:59] ✅ 获取到 1 个外部联系人，正在推送...
[11:09:59] ✅ 联系人加载完成 (1 人)
[11:10:04] 🏗️ 开始建群: 客户=暴走的手枪腿, 窗口=1235x818
[11:10:04]    📋 成员名称: [吴泽华 吴天宇]
[11:10:04] 🏗️ 建群: 暴走的手枪腿 (共 3 人)
[11:10:06]   [1/8] 点击消息 Tab...
[11:10:06]   [1/8] 坐标回退 (33,92)
[11:10:08]   [2/8] 点击 + 按钮...
[11:10:08]   [2/8] 坐标回退 + (334,31)
[11:10:10]   [3/8] 检测弹窗...
[11:10:10]   [3/8] ✅ 弹窗已打开 (800x700)
[11:10:10]   [4/8] 添加 3 名成员 (用中文名搜索)
[11:10:10]   [4/8] (1/3) 搜索: 暴走的手枪腿
[11:10:18]   [4/8] (1/3) ✅ 已勾选 暴走的手枪腿
[11:10:25]   [4/8] (2/3) 搜索: 吴泽华
[11:10:34]   [4/8] (2/3) ✅ 已勾选 吴泽华
[11:10:40]   [4/8] (3/3) 搜索: 吴天宇
[11:10:48]   [4/8] (3/3) ✅ 已勾选 吴天宇
[11:10:55]   [5/8] 清空搜索框...
[11:10:57]   [6/8] 点击完成按钮...
[11:10:58]   [6/8] OCR 扫描到 0 项: []
[11:10:58]   [6/8] 坐标点击: (504,651) [弹窗=800x700]
[11:10:58]   [6/8] 等待弹窗关闭 (最长 15s, 不重试)...
[11:11:01]   [6/8] ✅ 弹窗已关闭
[11:11:01]   [6/8] 等待 1.8s (防风控)...
[11:11:03]   [7/8] 检查残留弹窗...
[11:11:03]   [8/8] 设置群管理 (禁止互加好友)...
[11:11:03]        [隐私] Step1: 定位 ··· 按钮...
[11:11:04]        [隐私] ⚠️ 前台 OCR 失败: <nil>
[11:11:04]        [隐私] 坐标回退 ··· (1170,65)
[11:11:09]        [隐私] Step2: 定位「群管理」...
[11:11:10]        [隐私] 坐标回退「群管理」(1012,302)
[11:11:12]        [隐私] Step3: 等待群管理弹窗...
[11:11:15]        [隐私] 弹窗 OCR(0项): []
[11:11:15]        [隐私] ❌ 未找到「禁止互相添加为联系人」
[11:11:17]   ⚠️ 建群流程完成, 总耗时 73.0s (成员=3/3, 隐私=false/验证=false)
[11:11:17] ⚠️ 【暴走的手枪腿】建群成功, 但隐私设置需人工复核!
[11:11:17] 🚨 告警[warning]: 客户【暴走的手枪腿】建群成功但「禁止互加好友」未能验证, 请人工检查
[11:11:17] 📊 上报: create_group [暴走的手枪腿] success=true privacy=false review=true
[11:11:18] 📡 开始加载 LiuHaoDong 的外部联系人...
[11:11:20]    📡 服务端客户群缓存已刷新
[11:11:20] ✅ 获取到 1 个外部联系人，正在推送...
[11:11:20] ✅ 联系人加载完成 (1 人)
[11:11:27]    ⚠️ 告警发送失败: 发送告警失败: HTTP 403: {"error":"Missing CSRF token"} (已记录到本地)
[11:11:27]    ⚠️ 日志上报失败: 上报操作日志失败: HTTP 403: {"error":"Missing CSRF token"} (已记录到本地)

━━━ 启动 2026-04-18 12:40:54 ━━━
[12:40:55] 🔐 正在登录服务器...
[12:40:57] ✅ 服务器登录成功，使用中转模式
[12:40:57] 📡 获取员工列表...
[12:40:58] ✅ 获取到 61 名员工 (已按拼音排序)
[12:40:58] ✅ 应用启动成功
[12:40:58] ✅ 连接成功! 获取到 61 名员工
[12:40:58] 📋 返回缓存员工 61 人
[12:41:00] 📡 开始加载 LiuHaoDong 的外部联系人...
[12:41:02] ✅ 获取到 1 个外部联系人，正在推送...
[12:41:02] ✅ 联系人加载完成 (1 人)
[12:41:09] 🏗️ 开始建群: 客户=暴走的手枪腿, 窗口=1235x818
[12:41:09]    📋 成员名称: [吴泽华 吴天宇]
[12:41:09] 🏗️ 建群: 暴走的手枪腿 (共 3 人)
[12:41:11]   [1/8] 点击消息 Tab...
[12:41:12]   [1/8] 坐标回退 (33,92)
[12:41:13]   [2/8] 点击 + 按钮...
[12:41:13]   [2/8] 坐标回退 + (334,31)
[12:41:16]   [3/8] 检测弹窗...
[12:41:16]   [3/8] ✅ 弹窗已打开 (800x700)
[12:41:16]   [4/8] 添加 3 名成员 (用中文名搜索)
[12:41:16]   [4/8] (1/3) 搜索: 暴走的手枪腿
[12:41:23]   [4/8] (1/3) ✅ 已勾选 暴走的手枪腿
[12:41:30]   [4/8] (2/3) 搜索: 吴泽华
[12:41:42]   [4/8] (2/3) ✅ 已勾选 吴泽华
[12:41:48]   [4/8] (3/3) 搜索: 吴天宇
[12:41:57]   [4/8] (3/3) ✅ 已勾选 吴天宇
[12:42:03]   [5/8] 清空搜索框...
[12:42:06]   [6/8] 点击完成按钮...
[12:42:07]   [6/8] OCR 扫描到 28 项: [× 搜索 发起群聊 已选择3个联系人 相关群聊 暴走的手枪腿@微信 × 吴天宇、吴泽华、暴走的手枪腿..]
[12:42:07]   [6/8] 📋 成员状态: 已选择3个联系人 (期望 3 人)
[12:42:07]   [6/8] ✅ OCR 找到「完成」: (508,650)
[12:42:08]   [6/8] 等待弹窗关闭 (最长 15s, 不重试)...
[12:42:11]   [6/8] ✅ 弹窗已关闭
[12:42:11]   [6/8] 等待 2.2s (防风控)...
[12:42:13]   [7/8] 检查残留弹窗...
[12:42:13]   [8/8] 设置群管理 (禁止互加好友)...
[12:42:13]        [隐私] Step1: 定位 ··· 按钮...
[12:42:15]        [隐私] 群名「由企业微信用户创建的外部群,含1位外部联系人·群主:刘浩东」右边界 x2=785 → ··· (810,73)
[12:42:19]        [隐私] Step2: 定位「群管理」...
[12:42:20]        [隐私] ⚠️ OCR 未匹配「群管理」, 面板: [× 1242 群成员·4 志远视觉传媒> 你邀请吴天宇、吴泽华和微信的暴走的手枪腿加入了外部群聊 刘浩东 群主 填写群名称,方便维护和管理 吴天宇(夏虫) 吴泽华 微信联系人 暴走的手枪腿 一 白 一 快速会议 发送(S)]
[12:42:20]        [隐私] 坐标回退「群管理」(1012,302)
[12:42:21]        [隐私] Step3: 等待群管理弹窗...
[12:42:26]        [隐私] 弹窗 OCR(70项): [× 搜索 十 吴天宇、吴泽华、暴走的手枪腿、刘浩东 由企业微信用户创建的外部群,含1位外部联系人·群主:刘浩东 17 吴天宇、吴泽华、.… 外部 消息 填写群名称,方便维护…刚刚 1242 群成员·4 志远视觉传媒> 你邀请吴天宇、吴泽华和微信的暴走的手枪腿加入了外部群聊 吴天宇、吴泽华、.. 外部 刘浩东 群主 邮件 填写群名称,方便维…. 11:11 填写群名称,方便维护和管理 吴天宇(夏虫) 吴泽华 文档 吴天宇、吴泽华、刘浩东 你邀请吴天宇、吴泽... 1016 微信联系人 暴走的手枪腿 日程 吴天宇、吴泽华、.... 外部 填写群名称,方便维… 0954 会议 吴天宇、吴泽华、.. 外部 上 填写群名称,方便维.. 0943 智能总结 5 客户联系 企业联系客户统计4.1709:30 智能表格 吴天宇、吴泽华、.... 外部 填写群名称,方便维.… 0922 工作台 1 企业微信团队 品” 一 白 一 快速会议 通讯录 登录操作通知 0137 ··· 吴天宇、吴泽华、.. 外部 更多 填写群名称,方便维…. 0133 发送(S) 是天宇,是泽华 外部]
[12:42:26]        [隐私] 定位 checkbox (390,73) [由企业微信用户创建的外部群,含1位外部联系人·群主:刘浩东]
[12:42:26]        [隐私] 点击勾选 (390,73) [尝试 1/3]
[12:42:29]        [隐私] ⚠️ 验证失败 (尝试 1/3), 微调坐标重试...
[12:42:29]        [隐私] 点击勾选 (385,73) [尝试 2/3]
[12:42:31]        [隐私] ⚠️ 验证失败 (尝试 2/3), 微调坐标重试...
[12:42:31]        [隐私] 点击勾选 (380,73) [尝试 3/3]
[12:42:34]        [隐私] ❌ 3 次尝试均未能确认勾选, 需人工复核
[12:42:34]        [隐私] 关闭 × (1212,13)
[12:42:37]   ⚠️ 建群流程完成, 总耗时 87.4s (成员=3/3, 隐私=false/验证=false)
[12:42:37] ⚠️ 【暴走的手枪腿】建群成功, 但隐私设置需人工复核!
[12:42:37] 🚨 告警[warning]: 客户【暴走的手枪腿】建群成功但「禁止互加好友」未能验证, 请人工检查
[12:42:37] 📊 上报: create_group [暴走的手枪腿] success=true privacy=false review=true
[12:42:38] 📡 开始加载 LiuHaoDong 的外部联系人...
[12:42:40] ✅ 获取到 1 个外部联系人，正在推送...
[12:42:40] ✅ 联系人加载完成 (1 人)
[12:42:41]    📡 服务端客户群缓存已刷新
[12:42:47]    ⚠️ 日志上报失败: 上报操作日志失败: HTTP 403: {"error":"Missing CSRF token"} (已记录到本地)
[12:42:47]    ⚠️ 告警发送失败: 发送告警失败: HTTP 403: {"error":"Missing CSRF token"} (已记录到本地)
